client/maritaca-mobile/build/outputs/logs/manifest-merger-release-report.txt
-- Merging decision tree log ---
manifest
ADDED from client\maritaca-mobile\AndroidManifest.xml:2:1-179:12
	package
		ADDED from client\maritaca-mobile\AndroidManifest.xml:3:5-52
	android:versionName
		ADDED from client\maritaca-mobile\AndroidManifest.xml:5:5-30
		INJECTED from client\maritaca-mobile\AndroidManifest.xml
		INJECTED from client\maritaca-mobile\AndroidManifest.xml
	android:versionCode
		ADDED from client\maritaca-mobile\AndroidManifest.xml:4:5-28
		INJECTED from client\maritaca-mobile\AndroidManifest.xml
		INJECTED from client\maritaca-mobile\AndroidManifest.xml
	xmlns:android
		ADDED from client\maritaca-mobile\AndroidManifest.xml:2:11-69
uses-feature#android.hardware.camera
ADDED from client\maritaca-mobile\AndroidManifest.xml:7:5-60
	android:name
		ADDED from client\maritaca-mobile\AndroidManifest.xml:7:19-57
uses-permission#android.permission.READ_INTERNAL_STORAGE
ADDED from client\maritaca-mobile\AndroidManifest.xml:9:5-80
	android:name
		ADDED from client\maritaca-mobile\AndroidManifest.xml:9:22-77
uses-permission#android.permission.ACCESS_NETWORK_STATE
ADDED from client\maritaca-mobile\AndroidManifest.xml:10:5-79
	android:name
		ADDED from client\maritaca-mobile\AndroidManifest.xml:10:22-76
uses-permission#android.permission.INTERNET
ADDED from client\maritaca-mobile\AndroidManifest.xml:11:5-67
	android:name
		ADDED from client\maritaca-mobile\AndroidManifest.xml:11:22-64
uses-permission#android.permission.ACCESS_FINE_LOCATION
ADDED from client\maritaca-mobile\AndroidManifest.xml:12:5-79
	android:name
		ADDED from client\maritaca-mobile\AndroidManifest.xml:12:22-76
uses-permission#android.permission.ACCESS_COARSE_LOCATION
ADDED from client\maritaca-mobile\AndroidManifest.xml:13:5-81
	android:name
		ADDED from client\maritaca-mobile\AndroidManifest.xml:13:22-78
uses-permission#android.permission.WRITE_EXTERNAL_STORAGE
ADDED from client\maritaca-mobile\AndroidManifest.xml:14:5-81
	android:name
		ADDED from client\maritaca-mobile\AndroidManifest.xml:14:22-78
uses-permission#android.permission.GET_ACCOUNTS
ADDED from client\maritaca-mobile\AndroidManifest.xml:15:5-71
	android:name
		ADDED from client\maritaca-mobile\AndroidManifest.xml:15:22-68
uses-permission#android.permission.MANAGE_ACCOUNTS
ADDED from client\maritaca-mobile\AndroidManifest.xml:16:5-74
	android:name
		ADDED from client\maritaca-mobile\AndroidManifest.xml:16:22-71
uses-permission#android.permission.USE_CREDENTIALS
ADDED from client\maritaca-mobile\AndroidManifest.xml:17:5-74
	android:name
		ADDED from client\maritaca-mobile\AndroidManifest.xml:17:22-71
uses-feature#android.hardware.camera.autofocus
ADDED from client\maritaca-mobile\AndroidManifest.xml:19:5-70
	android:name
		ADDED from client\maritaca-mobile\AndroidManifest.xml:19:19-67
application
ADDED from client\maritaca-mobile\AndroidManifest.xml:24:5-177:19
MERGED from [com.google.android.gms:play-services-identity:7.8.0] AndroidManifest.xml:19:5-20
MERGED from [com.google.android.gms:play-services-base:7.8.0] AndroidManifest.xml:20:5-24:19
	android:screenOrientation
		ADDED from client\maritaca-mobile\AndroidManifest.xml:28:9-45
	android:label
		ADDED from client\maritaca-mobile\AndroidManifest.xml:26:9-41
	android:icon
		ADDED from client\maritaca-mobile\AndroidManifest.xml:25:9-43
	android:theme
		ADDED from client\maritaca-mobile\AndroidManifest.xml:27:9-44
uses-library#android.test.runner
ADDED from client\maritaca-mobile\AndroidManifest.xml:29:9-60
	android:name
		ADDED from client\maritaca-mobile\AndroidManifest.xml:29:23-57
activity#br.unifesp.maritaca.mobile.activities.MaritacaActivity
ADDED from client\maritaca-mobile\AndroidManifest.xml:31:9-42:20
	android:screenOrientation
		ADDED from client\maritaca-mobile\AndroidManifest.xml:35:13-49
	android:label
		ADDED from client\maritaca-mobile\AndroidManifest.xml:36:13-45
	android:noHistory
		ADDED from client\maritaca-mobile\AndroidManifest.xml:34:13-37
	android:configChanges
		ADDED from client\maritaca-mobile\AndroidManifest.xml:33:13-48
	android:name
		ADDED from client\maritaca-mobile\AndroidManifest.xml:32:13-45
intent-filter#android.intent.action.MAIN+android.intent.category.LAUNCHER
ADDED from client\maritaca-mobile\AndroidManifest.xml:37:13-41:29
action#android.intent.action.MAIN
ADDED from client\maritaca-mobile\AndroidManifest.xml:38:17-69
	android:name
		ADDED from client\maritaca-mobile\AndroidManifest.xml:38:25-66
category#android.intent.category.LAUNCHER
ADDED from client\maritaca-mobile\AndroidManifest.xml:40:17-77
	android:name
		ADDED from client\maritaca-mobile\AndroidManifest.xml:40:27-74
activity#br.unifesp.maritaca.mobile.activities.LoginActivity
ADDED from client\maritaca-mobile\AndroidManifest.xml:44:9-47:52
	android:screenOrientation
		ADDED from client\maritaca-mobile\AndroidManifest.xml:47:13-49
	android:label
		ADDED from client\maritaca-mobile\AndroidManifest.xml:46:13-45
	android:name
		ADDED from client\maritaca-mobile\AndroidManifest.xml:45:13-42
activity#br.unifesp.maritaca.mobile.activities.MenuLoadFormActivity
ADDED from client\maritaca-mobile\AndroidManifest.xml:49:9-52:62
	android:screenOrientation
		ADDED from client\maritaca-mobile\AndroidManifest.xml:50:13-49
	android:configChanges
		ADDED from client\maritaca-mobile\AndroidManifest.xml:52:13-59
	android:name
		ADDED from client\maritaca-mobile\AndroidManifest.xml:51:13-49
activity#br.unifesp.maritaca.mobile.activities.AboutActivity
ADDED from client\maritaca-mobile\AndroidManifest.xml:54:9-55:51
	android:screenOrientation
		ADDED from client\maritaca-mobile\AndroidManifest.xml:55:13-49
	android:name
		ADDED from client\maritaca-mobile\AndroidManifest.xml:54:19-48
activity#br.unifesp.maritaca.mobile.activities.WebViewActivity
ADDED from client\maritaca-mobile\AndroidManifest.xml:57:9-58:51
	android:screenOrientation
		ADDED from client\maritaca-mobile\AndroidManifest.xml:58:13-49
	android:name
		ADDED from client\maritaca-mobile\AndroidManifest.xml:57:19-50
activity#br.unifesp.maritaca.mobile.activities.LocalDataActivity
ADDED from client\maritaca-mobile\AndroidManifest.xml:60:9-64:15
	android:screenOrientation
		ADDED from client\maritaca-mobile\AndroidManifest.xml:61:13-49
	android:configChanges
		ADDED from client\maritaca-mobile\AndroidManifest.xml:63:13-48
	android:name
		ADDED from client\maritaca-mobile\AndroidManifest.xml:62:13-46
activity#br.unifesp.maritaca.mobile.activities.ResultsActivity
ADDED from client\maritaca-mobile\AndroidManifest.xml:67:9-70:51
	android:screenOrientation
		ADDED from client\maritaca-mobile\AndroidManifest.xml:70:13-49
	android:configChanges
		ADDED from client\maritaca-mobile\AndroidManifest.xml:69:13-48
	android:name
		ADDED from client\maritaca-mobile\AndroidManifest.xml:68:13-44
activity#br.unifesp.maritaca.mobile.activities.AnswersActivity
ADDED from client\maritaca-mobile\AndroidManifest.xml:72:9-75:62
	android:screenOrientation
		ADDED from client\maritaca-mobile\AndroidManifest.xml:74:13-49
	android:configChanges
		ADDED from client\maritaca-mobile\AndroidManifest.xml:75:13-59
	android:name
		ADDED from client\maritaca-mobile\AndroidManifest.xml:73:13-44
activity#br.unifesp.maritaca.mobile.activities.SettingsActivity
ADDED from client\maritaca-mobile\AndroidManifest.xml:77:9-78:51
	android:screenOrientation
		ADDED from client\maritaca-mobile\AndroidManifest.xml:78:13-49
	android:name
		ADDED from client\maritaca-mobile\AndroidManifest.xml:77:19-51
activity#br.unifesp.maritaca.mobile.activities.ErrorReportActivity
ADDED from client\maritaca-mobile\AndroidManifest.xml:81:9-82:51
	android:screenOrientation
		ADDED from client\maritaca-mobile\AndroidManifest.xml:82:13-49
	android:name
		ADDED from client\maritaca-mobile\AndroidManifest.xml:81:19-54
activity#br.unifesp.maritaca.mobile.activities.ControllerActivity
ADDED from client\maritaca-mobile\AndroidManifest.xml:84:9-87:58
	android:screenOrientation
		ADDED from client\maritaca-mobile\AndroidManifest.xml:86:13-49
	android:windowSoftInputMode
		ADDED from client\maritaca-mobile\AndroidManifest.xml:87:13-55
	android:name
		ADDED from client\maritaca-mobile\AndroidManifest.xml:85:13-47
activity#br.unifesp.maritaca.mobile.activities.QuestionsListActivity
ADDED from client\maritaca-mobile\AndroidManifest.xml:90:9-93:51
	android:screenOrientation
		ADDED from client\maritaca-mobile\AndroidManifest.xml:92:13-49
	android:configChanges
		ADDED from client\maritaca-mobile\AndroidManifest.xml:93:13-48
	android:name
		ADDED from client\maritaca-mobile\AndroidManifest.xml:91:13-50
activity#br.unifesp.maritaca.mobile.activities.DrawActivity
ADDED from client\maritaca-mobile\AndroidManifest.xml:96:9-105:20
	android:screenOrientation
		ADDED from client\maritaca-mobile\AndroidManifest.xml:98:13-49
	android:configChanges
		ADDED from client\maritaca-mobile\AndroidManifest.xml:99:13-63
	android:name
		ADDED from client\maritaca-mobile\AndroidManifest.xml:97:13-41
intent-filter#.ControllerActivity+android.intent.category.LAUNCHER
ADDED from client\maritaca-mobile\AndroidManifest.xml:100:13-104:29
action#.ControllerActivity
ADDED from client\maritaca-mobile\AndroidManifest.xml:101:17-62
	android:name
		ADDED from client\maritaca-mobile\AndroidManifest.xml:101:25-59
activity#jim.h.common.android.zxinglib.CaptureActivity
ADDED from client\maritaca-mobile\AndroidManifest.xml:108:9-113:63
	android:screenOrientation
		ADDED from client\maritaca-mobile\AndroidManifest.xml:111:13-49
	android:windowSoftInputMode
		ADDED from client\maritaca-mobile\AndroidManifest.xml:113:13-60
	android:configChanges
		ADDED from client\maritaca-mobile\AndroidManifest.xml:110:13-63
	android:theme
		ADDED from client\maritaca-mobile\AndroidManifest.xml:112:13-71
	android:name
		ADDED from client\maritaca-mobile\AndroidManifest.xml:109:13-73
service#br.unifesp.maritaca.mobile.services.NotificationService
ADDED from client\maritaca-mobile\AndroidManifest.xml:115:9-91
	android:name
		ADDED from client\maritaca-mobile\AndroidManifest.xml:115:18-88
activity#br.unifesp.maritaca.mobile.activities.AboutActivity2
ADDED from client\maritaca-mobile\AndroidManifest.xml:117:9-125:20
	android:screenOrientation
		ADDED from client\maritaca-mobile\AndroidManifest.xml:120:13-49
	android:label
		ADDED from client\maritaca-mobile\AndroidManifest.xml:119:13-58
	android:parentActivityName
		ADDED from client\maritaca-mobile\AndroidManifest.xml:121:13-56
	android:name
		ADDED from client\maritaca-mobile\AndroidManifest.xml:118:13-43
meta-data#android.support.PARENT_ACTIVITY
ADDED from client\maritaca-mobile\AndroidManifest.xml:122:13-124:87
	android:value
		ADDED from client\maritaca-mobile\AndroidManifest.xml:124:17-84
	android:name
		ADDED from client\maritaca-mobile\AndroidManifest.xml:123:17-63
activity#br.unifesp.maritaca.mobile.activities.MenuActivity
ADDED from client\maritaca-mobile\AndroidManifest.xml:127:9-131:20
	android:screenOrientation
		ADDED from client\maritaca-mobile\AndroidManifest.xml:129:13-49
	android:parentActivityName
		ADDED from client\maritaca-mobile\AndroidManifest.xml:130:13-63
	android:name
		ADDED from client\maritaca-mobile\AndroidManifest.xml:128:13-41
meta-data#com.google.android.gms.version
ADDED from client\maritaca-mobile\AndroidManifest.xml:133:9-135:69
MERGED from [com.google.android.gms:play-services-base:7.8.0] AndroidManifest.xml:21:9-23:69
	android:value
		ADDED from client\maritaca-mobile\AndroidManifest.xml:135:13-66
	android:name
		ADDED from client\maritaca-mobile\AndroidManifest.xml:134:13-58
activity#br.unifesp.maritaca.mobile.activities.SendResponses
ADDED from client\maritaca-mobile\AndroidManifest.xml:137:9-144:20
	android:screenOrientation
		ADDED from client\maritaca-mobile\AndroidManifest.xml:139:13-49
	android:label
		ADDED from client\maritaca-mobile\AndroidManifest.xml:140:13-66
	android:name
		ADDED from client\maritaca-mobile\AndroidManifest.xml:138:13-42
activity#br.unifesp.maritaca.mobile.activities.LoadForm
ADDED from client\maritaca-mobile\AndroidManifest.xml:147:9-155:20
	android:screenOrientation
		ADDED from client\maritaca-mobile\AndroidManifest.xml:149:13-49
	android:label
		ADDED from client\maritaca-mobile\AndroidManifest.xml:150:13-61
	android:parentActivityName
		ADDED from client\maritaca-mobile\AndroidManifest.xml:151:13-63
	android:name
		ADDED from client\maritaca-mobile\AndroidManifest.xml:148:13-37
activity#br.unifesp.maritaca.mobile.activities.LoadFormDrive
ADDED from client\maritaca-mobile\AndroidManifest.xml:157:9-165:20
	android:screenOrientation
		ADDED from client\maritaca-mobile\AndroidManifest.xml:159:13-49
	android:label
		ADDED from client\maritaca-mobile\AndroidManifest.xml:160:13-51
	android:parentActivityName
		ADDED from client\maritaca-mobile\AndroidManifest.xml:161:13-63
	android:name
		ADDED from client\maritaca-mobile\AndroidManifest.xml:158:13-42
activity#br.unifesp.maritaca.mobile.activities.SelectFormActivity
ADDED from client\maritaca-mobile\AndroidManifest.xml:167:9-175:20
	android:screenOrientation
		ADDED from client\maritaca-mobile\AndroidManifest.xml:169:13-49
	android:label
		ADDED from client\maritaca-mobile\AndroidManifest.xml:170:13-52
	android:parentActivityName
		ADDED from client\maritaca-mobile\AndroidManifest.xml:171:13-61
	android:name
		ADDED from client\maritaca-mobile\AndroidManifest.xml:168:13-47
uses-sdk
INJECTED from client\maritaca-mobile\AndroidManifest.xml reason: use-sdk injection requested
MERGED from [com.android.support:multidex:1.0.1] AndroidManifest.xml:18:5-42
MERGED from [client:library:unspecified] AndroidManifest.xml:7:5-9:41
MERGED from [com.google.android.gms:play-services-identity:7.8.0] AndroidManifest.xml:18:5-42
MERGED from [com.google.android.gms:play-services-base:7.8.0] AndroidManifest.xml:18:5-42
	android:targetSdkVersion
		INJECTED from client\maritaca-mobile\AndroidManifest.xml
		INJECTED from client\maritaca-mobile\AndroidManifest.xml
	android:minSdkVersion
		INJECTED from client\maritaca-mobile\AndroidManifest.xml
		INJECTED from client\maritaca-mobile\AndroidManifest.xml